Arguments: 
  C:\Program Files\nodejs\node.exe C:\Program Files (x86)\Yarn\bin\yarn.js init

PATH: 
  C:\Windows\system32;C:\Windows;C:\Windows\System32\Wbem;C:\Windows\System32\WindowsPowerShell\v1.0\;C:\Windows\System32\OpenSSH\;C:\Program Files\NVIDIA Corporation\NVIDIA NvDLISR;C:\Program Files (x86)\NVIDIA Corporation\PhysX\Common;C:\Program Files\Git\cmd;C:\Users\111\AppData\Roaming\nvm;C:\Program Files\nodejs;C:\Program Files (x86)\Yarn\bin\;C:\Program Files (x86)\Google\Cloud SDK\google-cloud-sdk\bin;C:\Users\111\AppData\Local\Microsoft\WindowsApps;C:\Users\111\AppData\Roaming\nvm;C:\Program Files\nodejs;C:\Users\111\AppData\Local\Yarn\bin

Yarn version: 
  1.22.19

Node version: 
  16.15.0

Platform: 
  win32 x64

Trace: 
  Error: canceled
      at Interface.<anonymous> (C:\Program Files (x86)\Yarn\lib\cli.js:137150:13)
      at Interface.emit (node:events:527:28)
      at Interface._ttyWrite (node:readline:1081:16)
      at ReadStream.onkeypress (node:readline:288:10)
      at ReadStream.emit (node:events:527:28)
      at emitKeys (node:internal/readline/utils:358:14)
      at emitKeys.next (<anonymous>)
      at ReadStream.onData (node:internal/readline/emitKeypressEvents:61:36)
      at ReadStream.emit (node:events:527:28)
      at addChunk (node:internal/streams/readable:315:12)

npm manifest: 
  {
    "name": "webpack-pug-start-template",
    "version": "1.0.0",
    "license": "MIT",
    "scripts": {
      "dev": "webpack serve --config ./webpack/Parts/DevPart.js",
      "build": "set NODE_ENV=production & webpack --config ./webpack/Parts/ProdPart.js",
      "build:dev": "set NODE_ENV=production & webpack --watch --progress --config ./webpack/Parts/ProdPart.js"
    },
    "browserslist": [
      "> 1%",
      "last 3 version"
    ],
    "devDependencies": {
      "@babel/core": "^7.17.5",
      "@babel/plugin-proposal-class-properties": "^7.16.7",
      "@babel/plugin-transform-async-to-generator": "^7.16.8",
      "@babel/plugin-transform-runtime": "^7.17.0",
      "@babel/preset-env": "^7.16.11",
      "autoprefixer": "^10.4.2",
      "babel-loader": "^8.2.3",
      "browser-sync": "^2.27.7",
      "browser-sync-webpack-plugin": "^2.3.0",
      "clean-webpack-plugin": "^4.0.0",
      "copy-webpack-plugin": "^10.2.4",
      "css-loader": "^6.6.0",
      "css-minimizer-webpack-plugin": "^3.4.1",
      "file-loader": "^6.2.0",
      "imagemin-webp-webpack-plugin": "^3.3.6",
      "mini-css-extract-plugin": "^2.5.3",
      "node-sass": "^7.0.1",
      "postcss": "^8.4.7",
      "postcss-loader": "^6.2.1",
      "postcss-preset-env": "^7.4.1",
      "sass-loader": "^12.6.0",
      "style-loader": "^3.3.1",
      "svg-sprite-loader": "^6.0.11",
      "svg-transform-loader": "^2.0.13",
      "svgo": "^2.8.0",
      "svgo-loader": "^3.0.0",
      "terser-webpack-plugin": "^5.3.1",
      "webpack": "^5.69.1",
      "webpack-cli": "^4.9.2",
      "webpack-dev-server": "^4.7.4",
      "webpack-merge": "^5.8.0"
    },
    "dependencies": {
      "@babel/runtime": "^7.17.2",
      "imask": "^6.4.2",
      "swiper": "^8.0.6"
    }
  }

yarn manifest: 
  No manifest

Lockfile: 
  No lockfile
